TN:
SF:/home/zwerdlds/Development/GlyphMosaic/src/cli/main.rs
FN:3,main
FNF:1
FNDA:0,main
DA:3,0
DA:5,0
LF:2
LH:0
end_of_record
TN:
SF:/home/zwerdlds/Development/GlyphMosaic/src/gui/main.rs
FN:3,main
FNF:1
FNDA:0,main
DA:3,0
DA:5,0
LF:2
LH:0
end_of_record
TN:
SF:/home/zwerdlds/Development/GlyphMosaic/src/lib.rs
FN:1,test
FNF:1
FNDA:2,test
DA:1,2
DA:3,0
LF:2
LH:1
end_of_record
TN:
SF:/home/zwerdlds/Development/GlyphMosaic/target/debug/build/anyhow-e1d740de8326dbff/out/probe.rs
FNF:0
DA:24,0
DA:25,0
LF:2
LH:0
end_of_record
TN:
SF:/home/zwerdlds/Development/GlyphMosaic/target/debug/build/thiserror-73354eece8649f25/out/probe.rs
FNF:0
DA:23,0
DA:24,0
LF:2
LH:0
end_of_record
TN:
SF:/home/zwerdlds/Development/GlyphMosaic/target/debug/build/thiserror-b41a8d2bc2e0be71/out/probe.rs
FNF:0
DA:23,0
DA:24,0
LF:2
LH:0
end_of_record
TN:
SF:/home/zwerdlds/Development/GlyphMosaic/target/just-check/debug/build/anyhow-e1d740de8326dbff/out/probe.rs
FNF:0
DA:24,0
DA:25,0
LF:2
LH:0
end_of_record
TN:
SF:/home/zwerdlds/Development/GlyphMosaic/target/just-check/debug/build/thiserror-73354eece8649f25/out/probe.rs
FNF:0
DA:23,0
DA:24,0
LF:2
LH:0
end_of_record
TN:
SF:/home/zwerdlds/Development/GlyphMosaic/target/just-check/debug/build/thiserror-b41a8d2bc2e0be71/out/probe.rs
FNF:0
DA:23,0
DA:24,0
LF:2
LH:0
end_of_record
TN:
SF:/home/zwerdlds/Development/GlyphMosaic/target/just-test/debug/build/anyhow-e1d740de8326dbff/out/probe.rs
FNF:0
DA:24,0
DA:25,0
LF:2
LH:0
end_of_record
TN:
SF:/home/zwerdlds/Development/GlyphMosaic/target/just-test/debug/build/thiserror-73354eece8649f25/out/probe.rs
FNF:0
DA:23,0
DA:24,0
LF:2
LH:0
end_of_record
TN:
SF:/home/zwerdlds/Development/GlyphMosaic/target/just-test/debug/build/thiserror-b41a8d2bc2e0be71/out/probe.rs
FNF:0
DA:23,0
DA:24,0
LF:2
LH:0
end_of_record
